2025-02-16 15:14:59.378 [info] Reading sessions from keychain...
2025-02-16 15:14:59.379 [info] Getting sessions for all scopes...
2025-02-16 15:14:59.379 [info] Getting sessions for all scopes...
2025-02-16 15:14:59.379 [info] Getting sessions for all scopes...
2025-02-16 15:14:59.379 [info] Getting sessions for all scopes...
2025-02-16 15:14:59.379 [info] Getting sessions for all scopes...
2025-02-16 15:14:59.379 [info] Getting sessions for all scopes...
2025-02-16 15:14:59.379 [info] Getting sessions for all scopes...
2025-02-16 15:14:59.379 [info] Got 0 sessions for ...
2025-02-16 15:14:59.379 [info] Got 0 sessions for ...
2025-02-16 15:14:59.379 [info] Got 0 sessions for ...
2025-02-16 15:14:59.379 [info] Got 0 sessions for ...
2025-02-16 15:14:59.379 [info] Got 0 sessions for ...
2025-02-16 15:14:59.379 [info] Got 0 sessions for ...
2025-02-16 15:14:59.379 [info] Got 0 sessions for ...
2025-02-16 15:15:01.452 [info] Getting sessions for all scopes...
2025-02-16 15:15:01.452 [info] Got 0 sessions for ...
2025-02-16 15:15:02.634 [info] Getting sessions for read:user,repo,user:email,workflow...
2025-02-16 15:15:02.634 [info] Got 0 sessions for read:user,repo,user:email,workflow...
2025-02-16 15:15:02.635 [info] Getting sessions for all scopes...
2025-02-16 15:15:02.635 [info] Got 0 sessions for ...
2025-02-16 15:15:02.635 [info] Getting sessions for all scopes...
2025-02-16 15:15:02.635 [info] Got 0 sessions for ...
2025-02-16 15:15:02.758 [info] Getting sessions for read:user...
2025-02-16 15:15:02.758 [info] Got 0 sessions for read:user...
2025-02-16 15:15:02.758 [info] Getting sessions for user:email...
2025-02-16 15:15:02.758 [info] Got 0 sessions for user:email...
2025-02-16 15:15:02.758 [info] Getting sessions for read:user,repo,user:email,workflow...
2025-02-16 15:15:02.758 [info] Got 0 sessions for read:user,repo,user:email,workflow...
2025-02-16 15:15:02.772 [info] Getting sessions for user:email...
2025-02-16 15:15:02.772 [info] Got 0 sessions for user:email...
2025-02-16 15:15:02.773 [info] Getting sessions for all scopes...
2025-02-16 15:15:02.773 [info] Got 0 sessions for ...
2025-02-16 15:15:02.957 [info] Getting sessions for user:email...
2025-02-16 15:15:02.958 [info] Got 0 sessions for user:email...
2025-02-16 15:15:02.959 [info] Getting sessions for all scopes...
2025-02-16 15:15:02.959 [info] Got 0 sessions for ...
2025-02-16 15:15:02.959 [info] Getting sessions for user:email...
2025-02-16 15:15:02.959 [info] Got 0 sessions for user:email...
2025-02-16 15:15:03.371 [info] Getting sessions for all scopes...
2025-02-16 15:15:03.371 [info] Got 0 sessions for ...
2025-02-16 15:15:03.372 [info] Getting sessions for user:email...
2025-02-16 15:15:03.372 [info] Got 0 sessions for user:email...
2025-02-16 15:15:03.372 [info] Getting sessions for all scopes...
2025-02-16 15:15:03.372 [info] Got 0 sessions for ...
2025-02-16 15:15:03.373 [info] Getting sessions for user:email...
2025-02-16 15:15:03.373 [info] Got 0 sessions for user:email...
2025-02-16 15:15:33.854 [info] Reading sessions from keychain...
2025-02-16 15:15:33.855 [info] Getting sessions for all scopes...
2025-02-16 15:15:33.855 [info] Getting sessions for all scopes...
2025-02-16 15:15:33.855 [info] Got 0 sessions for ...
2025-02-16 15:15:33.855 [info] Got 0 sessions for ...
2025-02-16 15:15:33.855 [info] Getting sessions for all scopes...
2025-02-16 15:15:33.855 [info] Got 0 sessions for ...
2025-02-16 15:15:33.855 [info] Getting sessions for all scopes...
2025-02-16 15:15:33.855 [info] Got 0 sessions for ...
2025-02-16 15:15:33.855 [info] Getting sessions for all scopes...
2025-02-16 15:15:33.855 [info] Got 0 sessions for ...
2025-02-16 15:15:33.855 [info] Getting sessions for all scopes...
2025-02-16 15:15:33.855 [info] Got 0 sessions for ...
2025-02-16 15:15:33.855 [info] Getting sessions for all scopes...
2025-02-16 15:15:33.855 [info] Got 0 sessions for ...
2025-02-16 15:15:35.490 [info] Getting sessions for all scopes...
2025-02-16 15:15:35.490 [info] Got 0 sessions for ...
2025-02-16 15:15:40.979 [info] Getting sessions for read:user,repo,user:email,workflow...
2025-02-16 15:15:40.979 [info] Got 0 sessions for read:user,repo,user:email,workflow...
2025-02-16 15:15:40.979 [info] Getting sessions for all scopes...
2025-02-16 15:15:40.979 [info] Got 0 sessions for ...
2025-02-16 15:15:40.979 [info] Getting sessions for all scopes...
2025-02-16 15:15:40.979 [info] Got 0 sessions for ...
2025-02-16 15:15:40.985 [info] Getting sessions for read:user...
2025-02-16 15:15:40.985 [info] Got 0 sessions for read:user...
2025-02-16 15:15:40.985 [info] Getting sessions for user:email...
2025-02-16 15:15:40.985 [info] Got 0 sessions for user:email...
2025-02-16 15:15:40.985 [info] Getting sessions for read:user,repo,user:email,workflow...
2025-02-16 15:15:40.985 [info] Got 0 sessions for read:user,repo,user:email,workflow...
2025-02-16 15:15:40.987 [info] Getting sessions for user:email...
2025-02-16 15:15:40.987 [info] Got 0 sessions for user:email...
2025-02-16 15:15:40.987 [info] Getting sessions for all scopes...
2025-02-16 15:15:40.987 [info] Got 0 sessions for ...
2025-02-16 15:15:41.120 [info] Getting sessions for user:email...
2025-02-16 15:15:41.120 [info] Got 0 sessions for user:email...
2025-02-16 15:15:41.121 [info] Getting sessions for all scopes...
2025-02-16 15:15:41.121 [info] Got 0 sessions for ...
2025-02-16 15:15:41.121 [info] Getting sessions for user:email...
2025-02-16 15:15:41.121 [info] Got 0 sessions for user:email...
2025-02-16 15:15:41.387 [info] Getting sessions for all scopes...
2025-02-16 15:15:41.387 [info] Got 0 sessions for ...
2025-02-16 15:15:41.389 [info] Getting sessions for user:email...
2025-02-16 15:15:41.389 [info] Got 0 sessions for user:email...
2025-02-16 15:15:41.389 [info] Getting sessions for all scopes...
2025-02-16 15:15:41.389 [info] Got 0 sessions for ...
2025-02-16 15:15:41.390 [info] Getting sessions for user:email...
2025-02-16 15:15:41.390 [info] Got 0 sessions for user:email...
